8086/87/88/186 MACRO ASSEMBLER    TIMER                                                    15:12:35  11/28/;3  PAGE    1


DOS 5.0 (038-N) 8086/87/88/186 MACRO ASSEMBLER V3.1 ASSEMBLY OF MODULE TIMER
OBJECT MODULE PLACED IN WORKING1.OBJ
ASSEMBLER INVOKED BY:  C:\ASM86.EXE WORKING1.ASM


LOC  OBJ                  LINE     SOURCE

                             1 +1  $MOD186
                             2 +1  $EP
                             3     NAME TIMER
                             4     ; Main program for uPD70208 microcomputer system
                             5     ;
                             6     ; Author:       Dr Tay Teng Tiow
                             7     ; Address:      Department of Electrical Engineering 
                             8     ;               National University of Singapore
                             9     ;               10, Kent Ridge Crescent
                            10     ;               Singapore 0511. 
                            11     ; Date:         6th September 1991
                            12     ;
                            13     ; This file contains proprietory information and cannot be copied 
                            14     ; or distributed without prior permission from the author.
                            15     ; =========================================================================
                            16     
                            17     public  serial_rec_action, timer2_action
                            18     extrn   print_char:far, print_2hex:far, iodefine:far, CMD_WRITE:far,delay:far, DATA_W
                                   RITE: far
                            19     extrn   set_timer2:far
                            20     
----                        21     STACK_SEG       SEGMENT
0000 (256                   22                     DB      256 DUP(?)
     ??
     )
0100                        23             TOS     LABEL   WORD
----                        24     STACK_SEG       ENDS
                            25     
                            26     
----                        27     DATA_SEG        SEGMENT
0000 0A                     28             TIMER0_MESS     DB      10,13,'TIMER1 INTERRUPT    '
0001 0D
0002 54494D45523120
     494E5445525255
     505420202020
0016 2F                     29             T_COUNT         DB      2FH
0017 2F                     30             T_COUNT_SET     DB      2FH
0018 20                     31             REC_MESS        DB      ''
0019 0000                   32             COUNTER     DW 0H
001B 00                     33             FLAG        DB 0H
001C 00                     34             DFLAG       DB 0H
001D (100                   35             DISPLAY_BUFF DB 100 DUP(?)
     ??
     )
0081 426172636F6465         36             D1                      DB      'Barcode :'
     203A
008A 313233343536           37             D2                      DB      '123456'  
0090 50726963652020         38             D3                      DB      'Price   :$'  
     203A24
009A 3232352E35             39             D4                      DB      '225.5'   
8086/87/88/186 MACRO ASSEMBLER    TIMER                                                    15:12:35  11/28/;3  PAGE    2


LOC  OBJ                  LINE     SOURCE

----                        40     DATA_SEG        ENDS
                            41     
                            42 +1  $include(80188.inc)
                      =1    43     ;IO Setup for 80C188XL 
                      =1    44     ;By Zhu Shunyu
                      =1    45     
  FFA0                =1    46              UMCR    EQU    0FFA0H ; Upper Memory Control Register
  FFA2                =1    47              LMCR    EQU    0FFA2H ; Lower Memory control Register         
  FFA4                =1    48              PCSBA   EQU    0FFA4H ; Peripheral Chip Select Base Address
  FFA6                =1    49                      MMCS    EQU    0FFA6H ; MMCS           
  FFA8                =1    50              MPCS    EQU    0FFA8H ; MMCS and PCS Alter Control Register
  0080                =1    51                     PORTA EQU 80H ;Port A
  0081                =1    52                     PORTB EQU 081H ;Port B
  0082                =1    53                     PORTC EQU 082H ;Port C
  0083                =1    54                     CWR EQU 83H ;Command Word Register
                      =1    55     
                      =1    56     
                      =1    57     
                      =1    58     ; Initial 80C188XL UCS Pin
                      =1    59     ; |start address|block size| value for No waits, No Ready   
                      =1    60     ;   FE000H            8K                 3E04H
                      =1    61     ;   FC000H           16K                 3C04H
                      =1    62     ;   F8000H           32K                 3804H
                      =1    63      
                      =1    64              
                      =1    65     ; Initialize Upper Chip Select pin with 8K ROM 
0000 BAA0FF           =1    66              MOV DX, UMCR
0003 B8043E           =1    67              MOV AX, 03E04H
0006 EE               =1    68              OUT DX, AL
                      =1    69     
                      =1    70     ; Initialize Lower Chip Select pin with 8k RAM
0007 BAA2FF           =1    71              MOV DX, LMCR
000A B8C401           =1    72              MOV AX, 01C4H  ; Starting address 1FFFH, 8K, No waits, last shoud be 5H for 
                                   1 waits      
000D EE               =1    73              OUT DX, AL
                      =1    74     ; Initialize MPCS to MAP peripheral to IO address
000E BAA8FF           =1    75              MOV DX, MPCS
0011 B88320           =1    76              MOV AX, 02083H
0014 EE               =1    77              OUT DX, AL
                      =1    78     ;INITIALISE MMCS
0015 BAA6FF           =1    79                     MOV DX, MMCS
0018 B80340           =1    80                     MOV AX, 04003H
001B EE               =1    81                     OUT DX, AL
                      =1    82     ; PCSBA initial, set the serial port start from 00H
001C BAA4FF           =1    83              MOV DX, PCSBA
001F B80300           =1    84              MOV AX, 0003H ; Peripheral starting address 00H no READY, No Waits
0022 EE               =1    85              OUT DX, AL
                      =1    86     
                      =1    87     ;Serial port definition and initialize 
  0000                =1    88              SRB     EQU       00H ; Serial Receiver Buffer Register (R)
  0000                =1    89              STB     EQU       00H ; Serial Transmitter Holding Register(W)  
  0001                =1    90              SIER    EQU       01H ; Serial Interrupte Enable Register (w)
  0002                =1    91              IIR     EQU       02H ; Interrupt Identification Register (R)
  0003                =1    92              SMD     EQU       03H ; Serial Line Control Register
  0005                =1    93              SST     EQU       05H ; Serial Line Status Register
8086/87/88/186 MACRO ASSEMBLER    TIMER                                                    15:12:35  11/28/;3  PAGE    3


LOC  OBJ                  LINE     SOURCE

  0000                =1    94              DLL     EQU       00H ; Divisor Latch Least Significant BYTE
  0001                =1    95              DLM     EQU       01H ; Divisor Latch most  Significant BYTE
                      =1    96     
                      =1    97     ;Definition of content of SST register
                      =1    98     ;|Not Use|TE|THRE|BI|FE|PE|OE|DR|
                      =1    99     ;TE Transmitter empty
                      =1   100     ;THRE Transmittor Holding Register Empty
                      =1   101     ;BI Breakr Interrupt
                      =1   102     ;FE Framing Error
                      =1   103     ;PE Parity Error
                      =1   104     ;OE Overrun Error 
                      =1   105     ;DR Data Ready
  0001                =1   106               REC_RDY    EQU   00000001B
  0020                =1   107               TRAN_RDY   EQU   00100000B
  000E                =1   108               ERR_DET    EQU   00001110B
  0010                =1   109               BREAK_DET  EQU   00010000B
                      =1   110     ; Serial Line Control Data
  0007                =1   111             SMD_DATA     EQU    00000111B
  0003                =1   112             S_INT_ENA    EQU    00000011B
  0000                =1   113             S_INT_DIS    EQU    00000000B
                      =1   114        
                      =1   115     ;1st bit set 1 to access the Divisor latch 
                      =1   116     ;2 stop bits, 8 data bits, no parity check
  0087                =1   117             SMD_DATA_DIV EQU    10000111B
                      =1   118     ; Set divisor value        
0023 BA0300           =1   119             MOV DX, SMD
0026 B087             =1   120             MOV AL, SMD_DATA_DIV
0028 EE               =1   121             OUT DX, AL
0029 BA0000           =1   122             MOV DX, DLL
002C B034             =1   123             MOV AL, 52
002E EE               =1   124             OUT DX, AL
002F BA0100           =1   125             MOV DX, DLM
0032 B000             =1   126             MOV AL, 0
0034 EE               =1   127             OUT DX, AL
                      =1   128     ;SET SERIAL PORT WORKING MODE
0035 BA0300           =1   129              MOV DX, SMD
0038 B007             =1   130              MOV AL, SMD_DATA
003A EE               =1   131              OUT DX, AL
                      =1   132     ;DISABLE SERIAL PORT INT
003B BA0100           =1   133              MOV DX, SIER
003E B000             =1   134              MOV AL, 0
0040 EE               =1   135              OUT DX, AL
                      =1   136     
                      =1   137     
                      =1   138     
                      =1   139     ; Timer control Unit
                      =1   140       
  FF66                =1   141              T2_CON    EQU      0FF66H ; Timer 2 Control Register
  FF62                =1   142              T2_CA     EQU      0FF62H ; Timer 2 compare register
  FF60                =1   143              T2_CNT    EQU      0FF60H ;
                      =1   144     
  FF5E                =1   145              T1_CON    EQU      0FF5EH ;
  FF5C                =1   146              T1_CB     EQU      0FF5CH ;
  FF5A                =1   147              T1_CA     EQU      0FF5AH ;
  FF58                =1   148              T1_CNT    EQU      0FF58H
8086/87/88/186 MACRO ASSEMBLER    TIMER                                                    15:12:35  11/28/;3  PAGE    4


LOC  OBJ                  LINE     SOURCE

                      =1   149              
  FF56                =1   150              T0_CON    EQU      0FF56H ;
  FF54                =1   151              T0_CB     EQU      0FF54H ;
  FF52                =1   152              T0_CA     EQU      0FF52H ;
  FF50                =1   153              TO_CNT    EQU      0FF50H   
                      =1   154              
                      =1   155     ; Timer Control Data
                      =1   156     
                      =1   157     
                      =1   158     ;Interrupt Control Registers
                      =1   159           
                      =1   160     
  FF3E                =1   161             INT3_CTRL       EQU 0FF3EH ;Interrupt 3 Control Register
  FF3C                =1   162             INT2_CTRL       EQU 0FF3CH
  FF3A                =1   163             INT1_CTRL       EQU 0FF3AH
  FF38                =1   164             INT0_CTRL       EQU 0FF38H
  FF32                =1   165             TIMER_CTRL      EQU 0FF32H ;Timer Interrupt Control Register
  FF30                =1   166             ISR             EQU 0FF30H ; Interrupt Status Register
  FF22                =1   167             EOI             EQU 0FF22H ; END OF INTERRUPT REGISTER
                      =1   168             
  FF28                =1   169             IMKW            EQU 0FF28H ; Interrupt Mask 
  FF2A                =1   170             IPMK            EQU 0FF2Ah ; Interrupt Priority Mask 
                      =1   171     
                      =1   172     ;| - | - | - | - |MSK|PM2|PM1|PM0| For TCU INT
                      =1   173     
                      =1   174     ;| - |SFNM|CAS|LVL|MSK|PM2|PM1|PM0| For TCU INT0,1
                      =1   175     
                      =1   176     ;MSK 1-enable, 0-mask int 
                      =1   177     ;pm0-pm1 Priority
                      =1   178     
                      =1   179         
                           180     
----                       181     CODE_SEG        SEGMENT
                           182     
                           183             PUBLIC          START
                           184     
                           185     
                           186     ASSUME  CS:CODE_SEG, SS:STACK_SEG
                           187     
0000                       188     START:
                           189     
                           190     ;initialize stack area
0000 B8----         R      191                     MOV     AX,STACK_SEG            
0003 8ED0                  192                     MOV     SS,AX
0005 368B260001            193                     MOV     SP,TOS
                           194     
                           195     ; Initialize the on-chip pheripherals
000A 9A0000----     E      196                     CALL    FAR PTR IODEFINE
                           197                     
                           198     
                           199     
                           200     ; ^^^^^^^^^^^^^^^^^  Start of User Main Routine  ^^^^^^^^^^^^^^^^^^
000F 9A0000----     E      201                     call set_timer2
0014 FB                    202             STI
                           203                     ;START OF LCD ROUTINE
8086/87/88/186 MACRO ASSEMBLER    TIMER                                                    15:12:35  11/28/;3  PAGE    5


LOC  OBJ                  LINE     SOURCE

0015 BA8300                204                     MOV DX, 83H
0018 B88000                205                     MOV AX, 080H
001B EF                    206                     OUT DX, AX
001C 9A0000----     E      207                     CALL FAR PTR DELAY
                           208                     
0021 B038                  209                     MOV AL, 38H ; Set function set
0023 9A0000----     E      210                     CALL FAR PTR CMD_WRITE
0028 9A0000----     E      211                     CALL FAR PTR DELAY
002D 9A0000----     E      212                     CALL FAR PTR DELAY
0032 9A0000----     E      213                     CALL FAR PTR DELAY
                           214                     
0037 B008                  215                     MOV AL, 08H ;Switch off display
0039 9A0000----     E      216                     CALL FAR PTR CMD_WRITE
003E 9A0000----     E      217                     CALL FAR PTR DELAY
                           218                     
0043 B001                  219                     MOV AL, 01H ;Clear lcd
0045 9A0000----     E      220                     CALL FAR PTR CMD_WRITE
004A 9A0000----     E      221                     CALL FAR PTR DELAY
                           222                     
004F B006                  223                     MOV AL, 06H ;Set entry mode register
0051 9A0000----     E      224                     CALL FAR PTR CMD_WRITE
0056 9A0000----     E      225                     CALL FAR PTR DELAY
                           226                     
005B B00F                  227                     MOV AL, 0FH ;Set display on, cursor on, and blinking
005D 9A0000----     E      228                     CALL FAR PTR CMD_WRITE
0062 9A0000----     E      229                     CALL FAR PTR DELAY
                           230                             
                           231                     
0067 B90900                232                     MOV CX, 9H
006A BB----         R      233                     MOV BX, DATA_SEG
006D 8EDB                  234                     MOV DS, BX
006F BB0000                235                     MOV BX, 0H
                           236                             
0072                       237     CLEAR_LCD: 
                           238                     
0072 B001                  239                     MOV AL, 01H ;Clear lcd
0074 9A0000----     E      240                     CALL FAR PTR CMD_WRITE
0079 9A0000----     E      241                     CALL FAR PTR DELAY
                           242                     
                           243                     
007E EBFE                  244     NEXT:     JMP NEXT
                           245     
                           246     ; ^^^^^^^^^^^^^^^ End of User main routine ^^^^^^^^^^^^^^^^^^^^^^^^^
                           247     
                           248     
0080                       249     SERIAL_REC_ACTION       PROC    FAR
0080 51                    250                     PUSH    CX
0081 53                    251                     PUSH    BX
0082 1E                    252                     PUSH    DS
                           253     
0083 BB----         R      254                     MOV     BX,DATA_SEG             ;initialize data segment register
0086 8EDB                  255                     MOV     DS,BX
                           256                     
                           257                     
0088 A21800                258                     MOV DS:REC_MESS, AL
8086/87/88/186 MACRO ASSEMBLER    TIMER                                                    15:12:35  11/28/;3  PAGE    6


LOC  OBJ                  LINE     SOURCE

008B 9A0000----     E      259                 CALL  FAR PTR print_char
                           260                     
                           261                     ;START OF LCD ROUTINE
0090 BA8300                262                     MOV DX, 83H
0093 B88000                263                     MOV AX, 080H
0096 EF                    264                     OUT DX, AX
0097 9A0000----     E      265                     CALL FAR PTR DELAY
                           266                     
009C B006                  267                     MOV AL, 06H ;Set entry mode register
009E 9A0000----     E      268                     CALL FAR PTR CMD_WRITE
00A3 9A0000----     E      269                     CALL FAR PTR DELAY
                           270                     
00A8 B00F                  271                     MOV AL, 0FH ;Set display on, cursor on, and blinking
00AA 9A0000----     E      272                     CALL FAR PTR CMD_WRITE
00AF 9A0000----     E      273                     CALL FAR PTR DELAY
                           274                             
                           275                     
00B4 B90100                276                     MOV CX, 1H
00B7 BB----         R      277                     MOV BX, DATA_SEG
00BA 8EDB                  278                     MOV DS, BX
00BC BB0000                279                     MOV BX, 0H
                           280                     
00BF 8A4718                281                     MOV AL, DS:REC_MESS[BX]
00C2 3C40                  282                     CMP AL, '@'
00C4 742D                  283                     JE SET_FLAG
00C6 3C23                  284                     CMP AL, '#'
00C8 743C                  285                     JE CHECK_DISPLAYID
00CA 803E1B0000            286                     CMP DS:FLAG,0H
00CF 7407                  287                     JE FLAG0_DECIDE
00D1 3C24                  288                     CMP AL, '$'
00D3 747D                  289                     JE MOV_NEXT_LINE
00D5 E98600                290                     JMP PRINTMSG1
                           291     
00D8                       292     FLAG0_DECIDE:
00D8 803E1C0000            293                     CMP DS:DFLAG, 0H
00DD 7403                  294                     JE ADD_TO_BUFFER
00DF E99200                295                     JMP S_RET       
                           296     
00E2                       297     ADD_TO_BUFFER:
00E2 53                    298                             PUSH BX
00E3 8B1E1900              299                             MOV BX, DS:COUNTER
00E7 88471D                300                             MOV DS:DISPLAY_BUFF[BX], AL
00EA 43                    301                         INC BX
00EB 891E1900              302                             MOV DS:COUNTER, BX
00EF 5B                    303                             POP BX
00F0 E98100                304                             JMP S_RET
                           305                                                     
00F3                       306     SET_FLAG:               
00F3 C6061B0000            307                     MOV DS:FLAG, 0H
00F8 C6061C0000            308                     MOV DS:DFLAG, 0H
00FD C70619000000          309                     MOV DS:COUNTER, 0H
0103 EB6F90                310                     JMP S_RET
                           311                     
0106                       312     CHECK_DISPLAYID:
0106 53                    313                     PUSH BX
8086/87/88/186 MACRO ASSEMBLER    TIMER                                                    15:12:35  11/28/;3  PAGE    7


LOC  OBJ                  LINE     SOURCE

0107 C6061C0001            314                     MOV DS:DFLAG, 01H
010C 833E190004            315                     CMP DS:COUNTER, 04H
0111 753B                  316                     JNE POP_P
0113 C70619000000          317                     MOV DS:COUNTER, 00H
0119 33DB                  318                     XOR BX, BX
011B 8A471D                319                     MOV AL, DS:DISPLAY_BUFF[BX]
011E 3C31                  320                     CMP Al,31H
0120 752C                  321                     JNE POP_P
0122 43                    322                     INC BX
0123 8A471D                323                     MOV AL, DS:DISPLAY_BUFF[BX]
0126 3C31                  324                     CMP Al,31H
0128 7524                  325                     JNE POP_P
012A 43                    326                     INC BX
012B 8A471D                327                     MOV AL, DS:DISPLAY_BUFF[BX]
012E 3C31                  328                     CMP Al,31H
0130 751C                  329                     JNE POP_P
0132 43                    330                     INC BX
0133 8A471D                331                     MOV AL, DS:DISPLAY_BUFF[BX]
0136 3C31                  332                     CMP Al,31H
0138 7514                  333                     JNE POP_P
013A C6061B0001            334                     MOV DS:FLAG, 01H
013F B001                  335                     MOV AL, 01H ;Clear lcd
0141 9A0000----     E      336                     CALL FAR PTR CMD_WRITE
0146 9A0000----     E      337                     CALL FAR PTR DELAY      
014B EB0190                338                     JMP POP_P
                           339                                     
014E                       340     POP_P:
014E 5B                    341                     POP BX
014F EB2390                342                     JMP S_RET
                           343     
                           344                                             
0152                       345     MOV_NEXT_LINE:
                           346                     
0152 B0C0                  347                     MOV AL, 0C0H ;Set DDRAM Address to Next Line
0154 9A0000----     E      348                     CALL FAR PTR CMD_WRITE
0159 9A0000----     E      349                     CALL FAR PTR DELAY
                           350                     
                           351                     
015E                       352     PRINTMSG1:
015E 8A4718                353                     MOV AL, DS:REC_MESS[BX]
0161 9A0000----     E      354                     CALL FAR PTR DATA_WRITE
0166 9A0000----     E      355                     CALL FAR PTR DELAY
016B 43                    356                     INC BX
016C E2F0                  357                     LOOP PRINTMSG1
                           358                     
016E B90600                359                     MOV CX, 6H
0171 BB0000                360                     MOV BX, 0H
                           361     
0174                       362     S_RET:
0174 1F                    363                     POP     DS
0175 5B                    364                     POP     BX
0176 59                    365                     POP     CX
0177 CB                    366                     RET
                           367     SERIAL_REC_ACTION       ENDP
                           368     
8086/87/88/186 MACRO ASSEMBLER    TIMER                                                    15:12:35  11/28/;3  PAGE    8


LOC  OBJ                  LINE     SOURCE

                           369     
                           370     
0178                       371     TIMER2_ACTION   PROC    FAR
0178 50                    372                     PUSH    AX
0179 1E                    373                     PUSH    DS
017A 53                    374                     PUSH    BX
017B 51                    375                     PUSH    CX
                           376     
017C B8----         R      377                     MOV     AX,DATA_SEG
017F 8ED8                  378                     MOV     DS,AX
                           379                     
0181 FE0E1600              380                     DEC     DS:T_COUNT
0185 7516                  381                     JNZ     T_NEXT1
0187 A01700                382                     MOV     AL,DS:T_COUNT_SET
018A A21600                383                     MOV     DS:T_COUNT,AL
                           384                     
                           385                     ; PUSH AX
                           386                     ; MOV AL, 18H ;set entry mode register
                           387                     ; CALL FAR PTR CMD_WRITE
                           388                     ; CALL FAR PTR DELAY
                           389                     ; POP AX
                           390                     ;MOV DX, 180H
                           391                     ;OUT DX, 0FFH
                           392                     
                           393                     ;MOV DX, 200H
                           394                     ;OUT DX, 0FFH
                           395                     
018D B91400                396                     MOV     CX,20
0190 BB0000                397                     MOV     BX,0H
0193                       398     T_NEXT0:
0193 8A07                  399                     MOV     AL,DS:TIMER0_MESS[BX]
0195 43                    400                     INC     BX
0196 9A0000----     E      401                     CALL    FAR PTR PRINT_CHAR
019B E2F6                  402                     LOOP    T_NEXT0
                           403     
019D                       404     T_NEXT1:        
019D 59                    405                     POP     CX
019E 5B                    406                     POP     BX
019F 1F                    407                     POP     DS
01A0 58                    408                     POP     AX
01A1 CB                    409                     RET
                           410     TIMER2_ACTION   ENDP
                           411     
                           412     
----                       413     CODE_SEG        ENDS
                           414     END

ASSEMBLY COMPLETE, NO ERRORS FOUND
