8086/87/88/186 MACRO ASSEMBLER    TIMER                                                    14:18:59  11/27/;3  PAGE    1


DOS 5.0 (038-N) 8086/87/88/186 MACRO ASSEMBLER V3.1 ASSEMBLY OF MODULE TIMER
OBJECT MODULE PLACED IN WORKING.OBJ
ASSEMBLER INVOKED BY:  C:\ASM86.EXE WORKING.ASM


LOC  OBJ                  LINE     SOURCE

                             1 +1  $MOD186
                             2 +1  $EP
                             3     NAME TIMER
                             4     ; Main program for uPD70208 microcomputer system
                             5     ;
                             6     ; Author:       Dr Tay Teng Tiow
                             7     ; Address:      Department of Electrical Engineering 
                             8     ;               National University of Singapore
                             9     ;               10, Kent Ridge Crescent
                            10     ;               Singapore 0511. 
                            11     ; Date:         6th September 1991
                            12     ;
                            13     ; This file contains proprietory information and cannot be copied 
                            14     ; or distributed without prior permission from the author.
                            15     ; =========================================================================
                            16     
                            17     public  serial_rec_action, timer2_action
                            18     extrn   print_char:far, print_2hex:far, iodefine:far, CMD_WRITE:far,delay:far, DATA_W
                                   RITE: far
                            19     extrn   set_timer2:far
                            20     
----                        21     STACK_SEG       SEGMENT
0000 (256                   22                     DB      256 DUP(?)
     ??
     )
0100                        23             TOS     LABEL   WORD
----                        24     STACK_SEG       ENDS
                            25     
                            26     
----                        27     DATA_SEG        SEGMENT
0000 0A                     28             TIMER0_MESS     DB      10,13,'TIMER1 INTERRUPT    '
0001 0D
0002 54494D45523120
     494E5445525255
     505420202020
0016 2F                     29             T_COUNT         DB      2FH
0017 2F                     30             T_COUNT_SET     DB      2FH
0018 20                     31             REC_MESS        DB      ''
0019 426172636F6465         32             D1                      DB      'Barcode :'
     203A
0022 313233343536           33             D2                      DB      '123456'  
0028 50726963652020         34             D3                      DB      'Price   :$'  
     203A24
0032 3232352E35             35             D4                      DB      '225.5'   
----                        36     DATA_SEG        ENDS
                            37     
                            38 +1  $include(80188.inc)
                      =1    39     ;IO Setup for 80C188XL 
                      =1    40     ;By Zhu Shunyu
                      =1    41     
8086/87/88/186 MACRO ASSEMBLER    TIMER                                                    14:18:59  11/27/;3  PAGE    2


LOC  OBJ                  LINE     SOURCE

  FFA0                =1    42              UMCR    EQU    0FFA0H ; Upper Memory Control Register
  FFA2                =1    43              LMCR    EQU    0FFA2H ; Lower Memory control Register         
  FFA4                =1    44              PCSBA   EQU    0FFA4H ; Peripheral Chip Select Base Address
  FFA6                =1    45                      MMCS    EQU    0FFA6H ; MMCS           
  FFA8                =1    46              MPCS    EQU    0FFA8H ; MMCS and PCS Alter Control Register
  0080                =1    47                     PORTA EQU 80H ;Port A
  0081                =1    48                     PORTB EQU 081H ;Port B
  0082                =1    49                     PORTC EQU 082H ;Port C
  0083                =1    50                     CWR EQU 83H ;Command Word Register
                      =1    51     
                      =1    52     
                      =1    53     
                      =1    54     ; Initial 80C188XL UCS Pin
                      =1    55     ; |start address|block size| value for No waits, No Ready   
                      =1    56     ;   FE000H            8K                 3E04H
                      =1    57     ;   FC000H           16K                 3C04H
                      =1    58     ;   F8000H           32K                 3804H
                      =1    59      
                      =1    60              
                      =1    61     ; Initialize Upper Chip Select pin with 8K ROM 
0000 BAA0FF           =1    62              MOV DX, UMCR
0003 B8043E           =1    63              MOV AX, 03E04H
0006 EE               =1    64              OUT DX, AL
                      =1    65     
                      =1    66     ; Initialize Lower Chip Select pin with 8k RAM
0007 BAA2FF           =1    67              MOV DX, LMCR
000A B8C401           =1    68              MOV AX, 01C4H  ; Starting address 1FFFH, 8K, No waits, last shoud be 5H for 
                                   1 waits      
000D EE               =1    69              OUT DX, AL
                      =1    70     ; Initialize MPCS to MAP peripheral to IO address
000E BAA8FF           =1    71              MOV DX, MPCS
0011 B88320           =1    72              MOV AX, 02083H
0014 EE               =1    73              OUT DX, AL
                      =1    74     ;INITIALISE MMCS
0015 BAA6FF           =1    75                     MOV DX, MMCS
0018 B80340           =1    76                     MOV AX, 04003H
001B EE               =1    77                     OUT DX, AL
                      =1    78     ; PCSBA initial, set the serial port start from 00H
001C BAA4FF           =1    79              MOV DX, PCSBA
001F B80300           =1    80              MOV AX, 0003H ; Peripheral starting address 00H no READY, No Waits
0022 EE               =1    81              OUT DX, AL
                      =1    82     
                      =1    83     ;Serial port definition and initialize 
  0000                =1    84              SRB     EQU       00H ; Serial Receiver Buffer Register (R)
  0000                =1    85              STB     EQU       00H ; Serial Transmitter Holding Register(W)  
  0001                =1    86              SIER    EQU       01H ; Serial Interrupte Enable Register (w)
  0002                =1    87              IIR     EQU       02H ; Interrupt Identification Register (R)
  0003                =1    88              SMD     EQU       03H ; Serial Line Control Register
  0005                =1    89              SST     EQU       05H ; Serial Line Status Register
  0000                =1    90              DLL     EQU       00H ; Divisor Latch Least Significant BYTE
  0001                =1    91              DLM     EQU       01H ; Divisor Latch most  Significant BYTE
                      =1    92     
                      =1    93     ;Definition of content of SST register
                      =1    94     ;|Not Use|TE|THRE|BI|FE|PE|OE|DR|
                      =1    95     ;TE Transmitter empty
8086/87/88/186 MACRO ASSEMBLER    TIMER                                                    14:18:59  11/27/;3  PAGE    3


LOC  OBJ                  LINE     SOURCE

                      =1    96     ;THRE Transmittor Holding Register Empty
                      =1    97     ;BI Breakr Interrupt
                      =1    98     ;FE Framing Error
                      =1    99     ;PE Parity Error
                      =1   100     ;OE Overrun Error 
                      =1   101     ;DR Data Ready
  0001                =1   102               REC_RDY    EQU   00000001B
  0020                =1   103               TRAN_RDY   EQU   00100000B
  000E                =1   104               ERR_DET    EQU   00001110B
  0010                =1   105               BREAK_DET  EQU   00010000B
                      =1   106     ; Serial Line Control Data
  0007                =1   107             SMD_DATA     EQU    00000111B
  0003                =1   108             S_INT_ENA    EQU    00000011B
  0000                =1   109             S_INT_DIS    EQU    00000000B
                      =1   110        
                      =1   111     ;1st bit set 1 to access the Divisor latch 
                      =1   112     ;2 stop bits, 8 data bits, no parity check
  0087                =1   113             SMD_DATA_DIV EQU    10000111B
                      =1   114     ; Set divisor value        
0023 BA0300           =1   115             MOV DX, SMD
0026 B087             =1   116             MOV AL, SMD_DATA_DIV
0028 EE               =1   117             OUT DX, AL
0029 BA0000           =1   118             MOV DX, DLL
002C B034             =1   119             MOV AL, 52
002E EE               =1   120             OUT DX, AL
002F BA0100           =1   121             MOV DX, DLM
0032 B000             =1   122             MOV AL, 0
0034 EE               =1   123             OUT DX, AL
                      =1   124     ;SET SERIAL PORT WORKING MODE
0035 BA0300           =1   125              MOV DX, SMD
0038 B007             =1   126              MOV AL, SMD_DATA
003A EE               =1   127              OUT DX, AL
                      =1   128     ;DISABLE SERIAL PORT INT
003B BA0100           =1   129              MOV DX, SIER
003E B000             =1   130              MOV AL, 0
0040 EE               =1   131              OUT DX, AL
                      =1   132     
                      =1   133     
                      =1   134     
                      =1   135     ; Timer control Unit
                      =1   136       
  FF66                =1   137              T2_CON    EQU      0FF66H ; Timer 2 Control Register
  FF62                =1   138              T2_CA     EQU      0FF62H ; Timer 2 compare register
  FF60                =1   139              T2_CNT    EQU      0FF60H ;
                      =1   140     
  FF5E                =1   141              T1_CON    EQU      0FF5EH ;
  FF5C                =1   142              T1_CB     EQU      0FF5CH ;
  FF5A                =1   143              T1_CA     EQU      0FF5AH ;
  FF58                =1   144              T1_CNT    EQU      0FF58H
                      =1   145              
  FF56                =1   146              T0_CON    EQU      0FF56H ;
  FF54                =1   147              T0_CB     EQU      0FF54H ;
  FF52                =1   148              T0_CA     EQU      0FF52H ;
  FF50                =1   149              TO_CNT    EQU      0FF50H   
                      =1   150              
8086/87/88/186 MACRO ASSEMBLER    TIMER                                                    14:18:59  11/27/;3  PAGE    4


LOC  OBJ                  LINE     SOURCE

                      =1   151     ; Timer Control Data
                      =1   152     
                      =1   153     
                      =1   154     ;Interrupt Control Registers
                      =1   155           
                      =1   156     
  FF3E                =1   157             INT3_CTRL       EQU 0FF3EH ;Interrupt 3 Control Register
  FF3C                =1   158             INT2_CTRL       EQU 0FF3CH
  FF3A                =1   159             INT1_CTRL       EQU 0FF3AH
  FF38                =1   160             INT0_CTRL       EQU 0FF38H
  FF32                =1   161             TIMER_CTRL      EQU 0FF32H ;Timer Interrupt Control Register
  FF30                =1   162             ISR             EQU 0FF30H ; Interrupt Status Register
  FF22                =1   163             EOI             EQU 0FF22H ; END OF INTERRUPT REGISTER
                      =1   164             
  FF28                =1   165             IMKW            EQU 0FF28H ; Interrupt Mask 
  FF2A                =1   166             IPMK            EQU 0FF2Ah ; Interrupt Priority Mask 
                      =1   167     
                      =1   168     ;| - | - | - | - |MSK|PM2|PM1|PM0| For TCU INT
                      =1   169     
                      =1   170     ;| - |SFNM|CAS|LVL|MSK|PM2|PM1|PM0| For TCU INT0,1
                      =1   171     
                      =1   172     ;MSK 1-enable, 0-mask int 
                      =1   173     ;pm0-pm1 Priority
                      =1   174     
                      =1   175         
                           176     
----                       177     CODE_SEG        SEGMENT
                           178     
                           179             PUBLIC          START
                           180     
                           181     
                           182     ASSUME  CS:CODE_SEG, SS:STACK_SEG
                           183     
0000                       184     START:
                           185     
                           186     ;initialize stack area
0000 B8----         R      187                     MOV     AX,STACK_SEG            
0003 8ED0                  188                     MOV     SS,AX
0005 368B260001            189                     MOV     SP,TOS
                           190     
                           191     ; Initialize the on-chip pheripherals
000A 9A0000----     E      192                     CALL    FAR PTR IODEFINE
                           193                     
                           194     
                           195     
                           196     ; ^^^^^^^^^^^^^^^^^  Start of User Main Routine  ^^^^^^^^^^^^^^^^^^
000F 9A0000----     E      197                     call set_timer2
0014 FB                    198             STI
                           199                     ;START OF LCD ROUTINE
0015 BA8300                200                     MOV DX, 83H
0018 B88000                201                     MOV AX, 080H
001B EF                    202                     OUT DX, AX
001C 9A0000----     E      203                     CALL FAR PTR DELAY
                           204                     
0021 B038                  205                     MOV AL, 38H ; Set function set
8086/87/88/186 MACRO ASSEMBLER    TIMER                                                    14:18:59  11/27/;3  PAGE    5


LOC  OBJ                  LINE     SOURCE

0023 9A0000----     E      206                     CALL FAR PTR CMD_WRITE
0028 9A0000----     E      207                     CALL FAR PTR DELAY
002D 9A0000----     E      208                     CALL FAR PTR DELAY
0032 9A0000----     E      209                     CALL FAR PTR DELAY
                           210                     
0037 B008                  211                     MOV AL, 08H ;Switch off display
0039 9A0000----     E      212                     CALL FAR PTR CMD_WRITE
003E 9A0000----     E      213                     CALL FAR PTR DELAY
                           214                     
0043 B001                  215                     MOV AL, 01H ;Clear lcd
0045 9A0000----     E      216                     CALL FAR PTR CMD_WRITE
004A 9A0000----     E      217                     CALL FAR PTR DELAY
                           218                     
004F B006                  219                     MOV AL, 06H ;Set entry mode register
0051 9A0000----     E      220                     CALL FAR PTR CMD_WRITE
0056 9A0000----     E      221                     CALL FAR PTR DELAY
                           222                     
005B B00F                  223                     MOV AL, 0FH ;Set display on, cursor on, and blinking
005D 9A0000----     E      224                     CALL FAR PTR CMD_WRITE
0062 9A0000----     E      225                     CALL FAR PTR DELAY
                           226                             
                           227                     
0067 B90900                228                     MOV CX, 9H
006A BB----         R      229                     MOV BX, DATA_SEG
006D 8EDB                  230                     MOV DS, BX
006F BB0000                231                     MOV BX, 0H
                           232                     
                           233     ; PRINTMSG:
                           234                     ; MOV AL, DS:D1[BX]
                           235                     ; CALL FAR PTR DATA_WRITE
                           236                     ; CALL FAR PTR DELAY
                           237                     ; INC BX
                           238                     ; LOOP PRINTMSG
                           239                     
                           240                     ; MOV CX, 6H
                           241                     ; MOV BX, 0H
                           242                     
                           243     ; PRINTBARCODE:
                           244                     ; MOV AL, DS:D2[BX]
                           245                     ; CALL FAR PTR DATA_WRITE
                           246                     ; CALL FAR PTR DELAY
                           247                     ; INC BX
                           248                     ; LOOP PRINTBARCODE             
                           249             
                           250                     ; MOV AL, 0C0H ;Set DDRAM Address to Next Line
                           251                     ; CALL FAR PTR CMD_WRITE
                           252                     ; CALL FAR PTR DELAY
                           253                     
                           254                     ; MOV CX, 0AH
                           255                     ; MOV BX, DATA_SEG
                           256                     ; MOV DS, BX
                           257                     ; MOV BX, 0H
                           258     ; PRINTNEXTLINE:
                           259                     ; MOV AL, DS:D3[BX]
                           260                     ; CALL FAR PTR DATA_WRITE
8086/87/88/186 MACRO ASSEMBLER    TIMER                                                    14:18:59  11/27/;3  PAGE    6


LOC  OBJ                  LINE     SOURCE

                           261                     ; CALL FAR PTR DELAY
                           262                     ; INC BX
                           263                     ; LOOP PRINTNEXTLINE
                           264                     
                           265                     ; MOV CX, 6H
                           266                     ; MOV BX, 0H
                           267                     
                           268     ; PRINTPRICE:
                           269                     ; MOV AL, DS:D4[BX]
                           270                     ; CALL FAR PTR DATA_WRITE
                           271                     ; CALL FAR PTR DELAY
                           272                     ; INC BX
                           273                     ; LOOP PRINTPRICE       
                           274                     
                           275     
                           276                     
0072 B001                  277                     MOV AL, 01H ;Clear lcd
0074 9A0000----     E      278                     CALL FAR PTR CMD_WRITE
0079 9A0000----     E      279                     CALL FAR PTR DELAY
                           280                     
                           281                     
007E EBFE                  282     NEXT:     JMP NEXT
                           283     
                           284     ; ^^^^^^^^^^^^^^^ End of User main routine ^^^^^^^^^^^^^^^^^^^^^^^^^
                           285     
                           286     
0080                       287     SERIAL_REC_ACTION       PROC    FAR
0080 51                    288                     PUSH    CX
0081 53                    289                     PUSH    BX
0082 1E                    290                     PUSH    DS
                           291     
0083 BB----         R      292                     MOV     BX,DATA_SEG             ;initialize data segment register
0086 8EDB                  293                     MOV     DS,BX
                           294                     
                           295                     
0088 A21800                296                     MOV DS:REC_MESS, AL
008B 9A0000----     E      297                 CALL  FAR PTR print_char
                           298                     
                           299                     ;START OF LCD ROUTINE
0090 BA8300                300                     MOV DX, 83H
0093 B88000                301                     MOV AX, 080H
0096 EF                    302                     OUT DX, AX
0097 9A0000----     E      303                     CALL FAR PTR DELAY
                           304                     
009C B006                  305                     MOV AL, 06H ;Set entry mode register
009E 9A0000----     E      306                     CALL FAR PTR CMD_WRITE
00A3 9A0000----     E      307                     CALL FAR PTR DELAY
                           308                     
00A8 B00F                  309                     MOV AL, 0FH ;Set display on, cursor on, and blinking
00AA 9A0000----     E      310                     CALL FAR PTR CMD_WRITE
00AF 9A0000----     E      311                     CALL FAR PTR DELAY
                           312                             
                           313                     
00B4 B90100                314                     MOV CX, 1H
00B7 BB----         R      315                     MOV BX, DATA_SEG
8086/87/88/186 MACRO ASSEMBLER    TIMER                                                    14:18:59  11/27/;3  PAGE    7


LOC  OBJ                  LINE     SOURCE

00BA 8EDB                  316                     MOV DS, BX
00BC BB0000                317                     MOV BX, 0H
                           318                     
00BF 8A4718                319                     MOV AL, DS:REC_MESS[BX]
00C2 3C3A                  320                     CMP AL, ':'
00C4 7402                  321                     JE MOV_NEXT_LINE
00C6 750C                  322                     JNE PRINTMSG1
                           323                     
00C8                       324     MOV_NEXT_LINE:
                           325                     
00C8 B0C0                  326                     MOV AL, 0C0H ;Set DDRAM Address to Next Line
00CA 9A0000----     E      327                     CALL FAR PTR CMD_WRITE
00CF 9A0000----     E      328                     CALL FAR PTR DELAY
                           329                     
                           330                     
00D4                       331     PRINTMSG1:
00D4 8A4718                332                     MOV AL, DS:REC_MESS[BX]
00D7 9A0000----     E      333                     CALL FAR PTR DATA_WRITE
00DC 9A0000----     E      334                     CALL FAR PTR DELAY
00E1 43                    335                     INC BX
00E2 E2F0                  336                     LOOP PRINTMSG1
                           337                     
00E4 B90600                338                     MOV CX, 6H
00E7 BB0000                339                     MOV BX, 0H
                           340                     
00EA                       341     S_RET:
00EA 1F                    342                     POP     DS
00EB 5B                    343                     POP     BX
00EC 59                    344                     POP     CX
00ED CB                    345                     RET
                           346     SERIAL_REC_ACTION       ENDP
                           347     
                           348     
                           349     
00EE                       350     TIMER2_ACTION   PROC    FAR
00EE 50                    351                     PUSH    AX
00EF 1E                    352                     PUSH    DS
00F0 53                    353                     PUSH    BX
00F1 51                    354                     PUSH    CX
                           355     
00F2 B8----         R      356                     MOV     AX,DATA_SEG
00F5 8ED8                  357                     MOV     DS,AX
                           358                     
00F7 FE0E1600              359                     DEC     DS:T_COUNT
00FB 7516                  360                     JNZ     T_NEXT1
00FD A01700                361                     MOV     AL,DS:T_COUNT_SET
0100 A21600                362                     MOV     DS:T_COUNT,AL
                           363                     
                           364                     ; PUSH AX
                           365                     ; MOV AL, 18H ;set entry mode register
                           366                     ; CALL FAR PTR CMD_WRITE
                           367                     ; CALL FAR PTR DELAY
                           368                     ; POP AX
                           369                     ;MOV DX, 180H
                           370                     ;OUT DX, 0FFH
8086/87/88/186 MACRO ASSEMBLER    TIMER                                                    14:18:59  11/27/;3  PAGE    8


LOC  OBJ                  LINE     SOURCE

                           371                     
                           372                     ;MOV DX, 200H
                           373                     ;OUT DX, 0FFH
                           374                     
0103 B91400                375                     MOV     CX,20
0106 BB0000                376                     MOV     BX,0H
0109                       377     T_NEXT0:
0109 8A07                  378                     MOV     AL,DS:TIMER0_MESS[BX]
010B 43                    379                     INC     BX
010C 9A0000----     E      380                     CALL    FAR PTR PRINT_CHAR
0111 E2F6                  381                     LOOP    T_NEXT0
                           382     
0113                       383     T_NEXT1:        
0113 59                    384                     POP     CX
0114 5B                    385                     POP     BX
0115 1F                    386                     POP     DS
0116 58                    387                     POP     AX
0117 CB                    388                     RET
                           389     TIMER2_ACTION   ENDP
                           390     
                           391     
----                       392     CODE_SEG        ENDS
                           393     END

ASSEMBLY COMPLETE, NO ERRORS FOUND
