8086/87/88/186 MACRO ASSEMBLER    KEYCOMB2                                                 18:19:07  11/07/;3  PAGE    1


DOS 5.0 (038-N) 8086/87/88/186 MACRO ASSEMBLER V3.1 ASSEMBLY OF MODULE KEYCOMB2
OBJECT MODULE PLACED IN KEYCOMB2.OBJ
ASSEMBLER INVOKED BY:  C:\ASM86.EXE KEYCOMB2.ASM


LOC  OBJ                  LINE     SOURCE

                             1 +1  $mod186
                             2 +1  $EP
                             3     NAME KEYCOMB2
                             4     ;---------------------------------------------------------------------------
                             5     
                             6     public  keypad
                             7     extrn print_char:far, print_2hex:far
                             8     
                             9 +1  $include(80188.inc)
                      =1    10     ;IO Setup for 80C188XL 
                      =1    11     ;By Zhu Shunyu
                      =1    12     
  FFA0                =1    13             UMCR    EQU    0FFA0H ; Upper Memory Control Register
  FFA2                =1    14             LMCR    EQU    0FFA2H ; Lower Memory control Register         
  FFA4                =1    15             PCSBA   EQU    0FFA4H ; Peripheral Chip Select Base Address
  FFA8                =1    16             MPCS    EQU    0FFA8H ; MMCS and PCS Alter Control Register
                      =1    17                     
                      =1    18             
                      =1    19             
                      =1    20                     
                      =1    21     ; Initial 80C188XL UCS Pin
                      =1    22     ; |start address|block size| value for No waits, No Ready   
                      =1    23     ;   FE000H            8K                 3E04H
                      =1    24     ;   FC000H           16K                 3C04H
                      =1    25     ;   F8000H           32K                 3804H
                      =1    26      
                      =1    27              
                      =1    28     ; Initialize Upper Chip Select pin with 8K ROM 
0000 BAA0FF           =1    29             MOV DX, UMCR
0003 B8043E           =1    30             MOV AX, 03E04H
0006 EF               =1    31             OUT DX, AX
                      =1    32     
                      =1    33     ; Initialize Lower Chip Select pin with 8k RAM
0007 BAA2FF           =1    34             MOV DX, LMCR
000A B8C401           =1    35             MOV AX, 01C4H  ; Starting address 1FFFH, 8K, No waits, last shoud be 5H for 1
                                    waits      
000D EE               =1    36                     OUT DX, AL
                      =1    37     
                      =1    38     ; Initialize MPCS to MAP peripheral to IO address
000E BAA8FF           =1    39              MOV DX, MPCS
0011 B88300           =1    40              MOV AX, 0083H
0014 EE               =1    41              OUT DX, AL
                      =1    42                      
                      =1    43     ; PCSBA initial, set the serial port start from 00H
0015 BAA4FF           =1    44              MOV DX, PCSBA
0018 B80300           =1    45              MOV AX, 0003H ; Peripheral starting address 00H no READY, No Waits
001B EE               =1    46              OUT DX, AL
                      =1    47     
                      =1    48     
                      =1    49     
8086/87/88/186 MACRO ASSEMBLER    KEYCOMB2                                                 18:19:07  11/07/;3  PAGE    2


LOC  OBJ                  LINE     SOURCE

                      =1    50     ;Serial port definition and initialize 
  0000                =1    51              SRB     EQU       00H ; Serial Receiver Buffer Register (R)
  0000                =1    52              STB     EQU       00H ; Serial Transmitter Holding Register(W)  
  0001                =1    53              SIER    EQU       01H ; Serial Interrupte Enable Register (w)
  0002                =1    54              IIR     EQU       02H ; Interrupt Identification Register (R)
  0003                =1    55              SMD     EQU       03H ; Serial Line Control Register
  0005                =1    56              SST     EQU       05H ; Serial Line Status Register
  0000                =1    57              DLL     EQU       00H ; Divisor Latch Least Significant BYTE
  0001                =1    58              DLM     EQU       01H ; Divisor Latch most  Significant BYTE
                      =1    59     
                      =1    60     ;Definition of content of SST register
                      =1    61     ;|Not Use|TE|THRE|BI|FE|PE|OE|DR|
                      =1    62     ;TE Transmitter empty
                      =1    63     ;THRE Transmittor Holding Register Empty
                      =1    64     ;BI Breakr Interrupt
                      =1    65     ;FE Framing Error
                      =1    66     ;PE Parity Error
                      =1    67     ;OE Overrun Error 
                      =1    68     ;DR Data Ready
  0001                =1    69               REC_RDY    EQU   00000001B ;DR bit is 1
  0020                =1    70               TRAN_RDY   EQU   00100000B ;THRE bit is 1
  000E                =1    71               ERR_DET    EQU   00001110B ;set FE, PE and OE bits
  0010                =1    72               BREAK_DET  EQU   00010000B ;BI set
                      =1    73                       
                      =1    74     ;Line control register
                      =1    75     
                      =1    76     ; Serial Line Control Data
  0007                =1    77             SMD_DATA     EQU    00000111B ;
  0003                =1    78             S_INT_ENA    EQU    00000011B
  0000                =1    79             S_INT_DIS    EQU    00000000B
                      =1    80        
                      =1    81     ;1st bit set 1 to access the Divisor latch 
                      =1    82     ;2 stop bits, 8 data bits, no parity check
  0087                =1    83             SMD_DATA_DIV EQU    10000111B
                      =1    84     ; Set divisor value        
001C BA0300           =1    85             MOV DX, SMD ;accessing the line control reg
001F B087             =1    86             MOV AL, SMD_DATA_DIV ; bit 0 and 1 set to 11, means that each serial characte
                                   r rec or sent will be 8bits
                      =1    87                                                             ; bit 2 is set, which means t
                                   hat because characters are 8 bits, 2 stop bits are generated
                      =1    88                                                             ; bit 7 is the divisor access
                                    latch bit (DLAB)
0021 EE               =1    89             OUT DX, AL ; 
                      =1    90                     
                      =1    91                     ; the divisor latch is basically a 16 bit register which holds the 16
                                    bit number that helps set the baud rate 
                      =1    92                     ; divisor = input frequency/ ( desired baud rate * 16)
0022 BA0000           =1    93             MOV DX, DLL ;lower 8 bits of div latch
0025 B034             =1    94             MOV AL, 52
0027 EE               =1    95             OUT DX, AL
0028 BA0100           =1    96             MOV DX, DLM ;higher 8 bits of div latch. 
                      =1    97                                             ;latch is set to 34h or 52d, which using a 16
                                   MHz crystal gives a baud rate of 19230
002B B000             =1    98             MOV AL, 0
002D EE               =1    99             OUT DX, AL
8086/87/88/186 MACRO ASSEMBLER    KEYCOMB2                                                 18:19:07  11/07/;3  PAGE    3


LOC  OBJ                  LINE     SOURCE

                      =1   100                     
                      =1   101     ;SET SERIAL PORT WORKING MODE
002E BA0300           =1   102              MOV DX, SMD ; line control register
0031 B007             =1   103              MOV AL, SMD_DATA ; same as previous, but bit 7 set to 0, ready for read or w
                                   rite operation
0033 EE               =1   104              OUT DX, AL
                      =1   105                      
                      =1   106     ;DISABLE SERIAL PORT INT
0034 BA0100           =1   107              MOV DX, SIER ;serial interrupt enable reg
0037 B000             =1   108              MOV AL, 0 ;all interrupts disables
0039 EE               =1   109              OUT DX, AL
                      =1   110     
                      =1   111     
                      =1   112     
                      =1   113     ; Timer control Unit
                      =1   114       
  FF66                =1   115              T2_CON    EQU      0FF66H ; Timer 2 Control Register
  FF62                =1   116              T2_CA     EQU      0FF62H ; Timer 2 compare register
  FF60                =1   117              T2_CNT    EQU      0FF60H ;
                      =1   118     
  FF5E                =1   119              T1_CON    EQU      0FF5EH ;
  FF5C                =1   120              T1_CB     EQU      0FF5CH ;
  FF5A                =1   121              T1_CA     EQU      0FF5AH ;
  FF58                =1   122              T1_CNT    EQU      0FF58H
                      =1   123              
  FF56                =1   124              T0_CON    EQU      0FF56H ;
  FF54                =1   125              T0_CB     EQU      0FF54H ;
  FF52                =1   126              T0_CA     EQU      0FF52H ;
  FF50                =1   127              TO_CNT    EQU      0FF50H   
                      =1   128              
                      =1   129     ; Timer Control Data
                      =1   130     
                      =1   131     
                      =1   132     ;Interrupt Control Registers
                      =1   133           
                      =1   134     
  FF3E                =1   135             INT3_CTRL       EQU 0FF3EH ;Interrupt 3 Control Register
  FF3C                =1   136             INT2_CTRL       EQU 0FF3CH
  FF3A                =1   137             INT1_CTRL       EQU 0FF3AH
  FF38                =1   138             INT0_CTRL       EQU 0FF38H
  FF32                =1   139             TIMER_CTRL      EQU 0FF32H ;Timer Interrupt Control Register
  FF30                =1   140             ISR                     EQU 0FF30H ; Interrupt Status Register
  FF22                =1   141             EOI         EQU 0FF22H ; END OF INTERRUPT REGISTER
  FF28                =1   142             IMKW        EQU 0FF28H ; Interrupt Mask 
  FF2A                =1   143             IPMK        EQU 0FF2Ah ; Interrupt Priority Mask 
                      =1   144     
                      =1   145     ;| - | - | - | - |MSK|PM2|PM1|PM0| For TCU INT
                      =1   146     
                      =1   147     ;| - |SFNM|CAS|LVL|MSK|PM2|PM1|PM0| For TCU INT0,1
                      =1   148     
                      =1   149     ;MSK 1-enable, 0-mask int 
                      =1   150     ;pm0-pm1 Priority
                      =1   151     
                      =1   152         
                           153     
8086/87/88/186 MACRO ASSEMBLER    KEYCOMB2                                                 18:19:07  11/07/;3  PAGE    4


LOC  OBJ                  LINE     SOURCE

----                       154     KEYPAD_SEG SEGMENT
                           155     
0000 23                    156             zerotoeleven    DB  '#',0H,'*','>','0','*',09H,08H,07H,'9','8','7'
0001 00
0002 2A
0003 3E
0004 30
0005 2A
0006 09
0007 08
0008 07
0009 39
000A 38
000B 37
000C 06                    157             twelvetoend             DB      06H,05H,04H,'6','5','4',03H,02H,01H,'3','2','
                                   1'
000D 05
000E 04
000F 36
0010 35
0011 34
0012 03
0013 02
0014 01
0015 33
0016 32
0017 31
----                       158     KEYPAD_SEG ENDS
                           159     
----                       160     KEYPAD_ROUTINE  SEGMENT
                           161     ASSUME CS:KEYPAD_ROUTINE
                           162     
  0080                     163     PORTA   EQU     0080H
  0081                     164     PORTB   EQU     0081H
  0082                     165     PORTC   EQU     0082H
  0083                     166     CWR     EQU     0083H
                           167     
0000                       168     keypad proc far
0000 52                    169             PUSH    DX
0001 51                    170             PUSH    CX
0002 53                    171             PUSH    BX
0003 50                    172             PUSH    AX
                           173             
                           174     ;set 8255 mode
0004 B089                  175             MOV AL, 89H       ;PA, PB output, PC input
0006 BA8300                176             MOV DX, CWR
0009 EE                    177             OUT DX, AL        ;send the control word
                           178     ;map to keypad segment
000A BB----         R      179             mov bx, KEYPAD_SEG
000D 8EDB                  180             mov ds, bx
                           181     
                           182     ;ground row 0 to start with     
000F B1FE                  183             MOV CL, 11111110b ;Row output to ground from PB0
0011 B500                  184             MOV CH, 0H      ;set row counter
                           185             
8086/87/88/186 MACRO ASSEMBLER    KEYCOMB2                                                 18:19:07  11/07/;3  PAGE    5


LOC  OBJ                  LINE     SOURCE

0013                       186     startcycle:             
                           187             ;CL has the row grounding output
0013 8AC1                  188             MOV AL,CL
0015 BA8100                189             MOV DX, PORTB   ;port B address to DX; 
0018 EE                    190             OUT DX, AL      ;ground one of the rows
0019 BA8200                191             MOV DX, PORTC   ;port C address to DX  
001C EC                    192             IN  AL,DX               ;read input port for key closure
                           193             ;input here should be 00xxxxx. checked to be correct
                           194             ;PC6 and PC7 are physically grounded- why is the input on them still 1?!
001D 34FF                  195             XOR AL, 11111111b       ;PC0 to PC5 masked. Whichever one is 0 will give a 1 
                                   output
001F 3C00                  196             CMP AL,0H       ;checking for no key is pressed
0021 7464                  197             JE retpoint
                           198             
                           199             ;ERROR CHECK
0023 3C01                  200             CMP AL, 00000001B ;PC0 pressed
0025 7448                  201             JE column0
0027 3C02                  202             CMP AL, 00000010B ;PC1 pressed
0029 7448                  203             JE column1
002B 3C04                  204             CMP AL, 00000100B ;PC2 pressed
002D 7448                  205             JE column2
002F 3C08                  206             CMP AL, 00001000B ;PC3 pressed
0031 7448                  207             JE column3
0033 3C10                  208             CMP AL, 00010000B ;PC4 pressed
0035 7448                  209             JE column4
0037 3C20                  210             CMP AL, 00100000B ;PC5 pressed
0039 7448                  211             JE column5
003B EB4A90                212             JMP retpoint ;invalid keypress of some kind
003E                       213     resumekeypad:           
                           214             ;DL now has the column number
                           215             ;Logic: (Row number * 6) + col number 
                           216             ;gives us the so called button number being pressed, which can be stored as
                           217             ;an array starting at the top left of the keypad and ending at the bottom rig
                                   ht
003E 8AC5                  218             mov AL,CH ; row number, previously saved
0040 B606                  219             MOV DH,06
                           220             ;multiply AL by DH, result stored in AX
0042 F6E6                  221             MUL DH ;row*6
0044 02C2                  222             ADD AL, DL ;Add row*6 to col to get button number
0046 8AD8                  223             MOV BL,AL
0048 32FF                  224             XOR BH,BH
                           225             ;BL now has the button number
004A 83FB0C                226             cmp BX, 12d
004D 7D05                  227             jge greater_than_11
004F 8A07                  228             MOV AL,DS:zerotoeleven[BX] ; Stores character in AL (?)
0051 EB0790                229             jmp sendchar
0054                       230     greater_than_11:
0054 80EB0C                231             sub BL, 12d 
0057 8A470C                232             MOV AL, DS:twelvetoend[BX]; Stores character in AL (?)
005A                       233     sendchar:
005A 32E4                  234             XOR AH, AH
005C 9A0000----     E      235             CALL FAR PTR PRINT_CHAR
                           236             ;call far ptr analyze_key
0061 BB000090              237             mov bx, data_seg
*** ERROR #38 IN 237 (LINE 94), (PASS 2) UNDEFINED SYMBOL, ZERO USED
8086/87/88/186 MACRO ASSEMBLER    KEYCOMB2                                                 18:19:07  11/07/;3  PAGE    6


LOC  OBJ                  LINE     SOURCE

0065 8EDB                  238             mov ds, bx
0067 9A9700----     R      239             CALL FAR PTR DELAY
006C EB1990                240             jmp retpoint
                           241             
006F                       242     column0:
006F B200                  243             MOV DL, 00000000b
0071 EBCB                  244             jmp resumekeypad
0073                       245     column1:
0073 B201                  246             MOV DL, 00000001b
0075 EBC7                  247             jmp resumekeypad
0077                       248     column2:
0077 B202                  249             MOV DL, 00000010b
0079 EBC3                  250             jmp resumekeypad
007B                       251     column3:
007B B203                  252             MOV DL, 00000011b
007D EBBF                  253             jmp resumekeypad
007F                       254     column4:
007F B204                  255             MOV DL, 00000100b
0081 EBBB                  256             jmp resumekeypad
0083                       257     column5:
0083 B205                  258             MOV DL, 00000101b
0085 EBB7                  259             jmp resumekeypad        
                           260     
0087                       261     retpoint: 
0087 FEC5                  262             INC CH
0089 80FD04                263             CMP CH,04
008C 7404                  264             je cycle_done
                           265             
008E D0C1                  266             rol CL, 01H
0090 EB81                  267             jmp startcycle
                           268             
0092                       269     cycle_done:
0092 58                    270             POP AX
0093 5B                    271             POP BX
0094 59                    272             POP CX
0095 5A                    273             POP DX
0096 CB                    274             ret
                           275     keypad endp
                           276     
                           277     
0097                       278     DELAY proc far
0097 52                    279             PUSH    DX
0098 51                    280             PUSH    CX
0099 53                    281             PUSH    BX
009A 50                    282             PUSH    AX
009B B8204E                283             MOV AX, 04E20H
009E                       284     delay_loop:
009E 90                    285             NOP
009F 90                    286             NOP
00A0 90                    287             NOP
00A1 90                    288             NOP
00A2 90                    289             NOP
00A3 90                    290             NOP
00A4 90                    291             NOP
00A5 90                    292             NOP
8086/87/88/186 MACRO ASSEMBLER    KEYCOMB2                                                 18:19:07  11/07/;3  PAGE    7


LOC  OBJ                  LINE     SOURCE

00A6 90                    293             NOP
00A7 90                    294             NOP
00A8 90                    295             NOP
00A9 90                    296             NOP
00AA 90                    297             NOP
00AB 90                    298             NOP
00AC 90                    299             NOP
00AD 48                    300             dec AX
00AE 3D0000                301             cmp AX, 0H
00B1 75EB                  302             jne delay_loop
00B3 58                    303             POP AX
00B4 5B                    304             POP BX
00B5 59                    305             POP CX
00B6 5A                    306             POP DX
00B7 CB                    307             ret
                           308     DELAY endp
                           309     
                           310     
                           311     ; ;character/number for keypress is in AL
                           312     ; analyze_key proc far
                           313     ; push bx
                           314     ; push cx
                           315     ; push dx
                           316     
                           317     ; ;need to access data_segment
                           318     ; mov 
                           319     
                           320     ; ;check if number has been pressed
                           321     ; cmp al, 09H
                           322     ; jg action_key ;if not number, it is an action key
                           323     
                           324     ; ;if it's a number-
                           325     ; mov cl, DS:LED_storage_count
                           326     ; cmp cl, 00H
                           327     ; jne switch_LEDs
                           328     ; ;count is 0, then-
                           329     ; mov bx, 03H
                           330     ; mov DS:LED_displays[bx], AL ;mov that number into led3
                           331     ; inc DS:LED_storage_count
                           332     ; jmp exit_analyze_key
                           333     
                           334     ; switch_LEDs:
                           335     ; xor cx, cx
                           336     
                           337     ; ;other LEDs shifted
                           338     ; mov bx, 01H 
                           339     ; mov cl, DS:LED_displays[BX]
                           340     ; mov bx, 00H
                           341     ; mov DS:LED_displays[BX], cl
                           342     
                           343     ; mov bx, 02H 
                           344     ; mov cl, DS:LED_displays[BX]
                           345     ; mov bx, 01H
                           346     ; mov DS:LED_displays[BX], cl
                           347     
8086/87/88/186 MACRO ASSEMBLER    KEYCOMB2                                                 18:19:07  11/07/;3  PAGE    8


LOC  OBJ                  LINE     SOURCE

                           348     ; mov bx, 03H 
                           349     ; mov cl, DS:LED_displays[BX]
                           350     ; mov bx, 02H
                           351     ; mov DS:LED_displays[BX], cl
                           352     
                           353     ; ;new number added to led3
                           354     ; mov bx, 03H
                           355     ; mov DS:LED_displays[bx], AL ;mov that number into led3
                           356     ; inc DS:LED_storage_count
                           357     ; jmp exit_analyze_key
                           358     
                           359     ; action_key:
                           360     
                           361     
                           362     ; exit_analyze_key:
                           363     
                           364     ; pop dx
                           365     ; pop cx
                           366     ; pop bx
                           367     ; ret
                           368     
                           369     
                           370     ; analyze_key endp
                           371     
                           372     
                           373     
----                       374     KEYPAD_ROUTINE  ENDS
                           375     
                           376     END

ASSEMBLY COMPLETE, 1 ERROR FOUND
